<?xml version="1.0" encoding="UTF-8"?>
<!-- Generated by org.testng.reporters.JUnitReportReporter -->
<testsuite skipped="0" hostname="Dell" name="com.transferwise.qa.testcases.Test122" tests="1" failures="0" timestamp="30 Sep 2019 19:40:48 GMT" time="34.820" errors="1">
  <testcase name="m" time="34.820" classname="com.transferwise.qa.testcases.Test122">
    <error type="org.openqa.selenium.interactions.MoveTargetOutOfBoundsException" message="Offset within element cannot be scrolled into view: (0, 0): [object HTMLInputElement]
Command duration or timeout: 0 milliseconds">
      <![CDATA[org.openqa.selenium.interactions.MoveTargetOutOfBoundsException: Offset within element cannot be scrolled into view: (0, 0): [object HTMLInputElement]
Command duration or timeout: 0 milliseconds
at sun.reflect.NativeConstructorAccessorImpl.newInstance0(Native Method)
at sun.reflect.NativeConstructorAccessorImpl.newInstance(NativeConstructorAccessorImpl.java:62)
at sun.reflect.DelegatingConstructorAccessorImpl.newInstance(DelegatingConstructorAccessorImpl.java:45)
at java.lang.reflect.Constructor.newInstance(Constructor.java:423)
at org.openqa.selenium.remote.ErrorHandler.createThrowable(ErrorHandler.java:214)
at org.openqa.selenium.remote.ErrorHandler.throwIfResponseFailed(ErrorHandler.java:166)
at org.openqa.selenium.remote.http.JsonHttpResponseCodec.reconstructValue(JsonHttpResponseCodec.java:40)
at org.openqa.selenium.remote.http.AbstractHttpResponseCodec.decode(AbstractHttpResponseCodec.java:80)
at org.openqa.selenium.remote.http.AbstractHttpResponseCodec.decode(AbstractHttpResponseCodec.java:44)
at org.openqa.selenium.remote.HttpCommandExecutor.execute(HttpCommandExecutor.java:158)
at org.openqa.selenium.remote.service.DriverCommandExecutor.execute(DriverCommandExecutor.java:83)
at org.openqa.selenium.remote.RemoteWebDriver.execute(RemoteWebDriver.java:552)
at org.openqa.selenium.remote.RemoteExecuteMethod.execute(RemoteExecuteMethod.java:35)
at org.openqa.selenium.remote.RemoteMouse.mouseMove(RemoteMouse.java:89)
at org.openqa.selenium.remote.RemoteMouse.moveIfNeeded(RemoteMouse.java:52)
at org.openqa.selenium.remote.RemoteMouse.click(RemoteMouse.java:57)
at org.openqa.selenium.interactions.internal.KeysRelatedAction.focusOnElement(KeysRelatedAction.java:53)
at org.openqa.selenium.interactions.SendKeysAction.perform(SendKeysAction.java:54)
at org.openqa.selenium.interactions.CompositeAction.perform(CompositeAction.java:34)
at org.openqa.selenium.interactions.Actions$BuiltAction.perform(Actions.java:642)
at com.transferwise.qa.testcases.Test122.m(Test122.java:121)
at sun.reflect.NativeMethodAccessorImpl.invoke0(Native Method)
at sun.reflect.NativeMethodAccessorImpl.invoke(NativeMethodAccessorImpl.java:62)
at sun.reflect.DelegatingMethodAccessorImpl.invoke(DelegatingMethodAccessorImpl.java:43)
at java.lang.reflect.Method.invoke(Method.java:498)
at org.testng.internal.MethodInvocationHelper.invokeMethod(MethodInvocationHelper.java:124)
at org.testng.internal.Invoker.invokeMethod(Invoker.java:583)
at org.testng.internal.Invoker.invokeTestMethod(Invoker.java:719)
at org.testng.internal.Invoker.invokeTestMethods(Invoker.java:989)
at org.testng.internal.TestMethodWorker.invokeTestMethods(TestMethodWorker.java:125)
at org.testng.internal.TestMethodWorker.run(TestMethodWorker.java:109)
at org.testng.TestRunner.privateRun(TestRunner.java:648)
at org.testng.TestRunner.run(TestRunner.java:505)
at org.testng.SuiteRunner.runTest(SuiteRunner.java:455)
at org.testng.SuiteRunner.runSequentially(SuiteRunner.java:450)
at org.testng.SuiteRunner.privateRun(SuiteRunner.java:415)
at org.testng.SuiteRunner.run(SuiteRunner.java:364)
at org.testng.SuiteRunnerWorker.runSuite(SuiteRunnerWorker.java:52)
at org.testng.SuiteRunnerWorker.run(SuiteRunnerWorker.java:84)
at org.testng.TestNG.runSuitesSequentially(TestNG.java:1208)
at org.testng.TestNG.runSuitesLocally(TestNG.java:1137)
at org.testng.TestNG.runSuites(TestNG.java:1049)
at org.testng.TestNG.run(TestNG.java:1017)
at org.testng.remote.AbstractRemoteTestNG.run(AbstractRemoteTestNG.java:115)
at org.testng.remote.RemoteTestNG.initAndRun(RemoteTestNG.java:251)
at org.testng.remote.RemoteTestNG.main(RemoteTestNG.java:77)
Caused by: org.openqa.selenium.interactions.MoveTargetOutOfBoundsException: Offset within element cannot be scrolled into view: (0, 0): [object HTMLInputElement]
Build info: version: '3.141.59', revision: 'e82be7d358', time: '2018-11-14T08:17:03'
System info: host: 'DELL', ip: '192.168.8.162', os.name: 'Windows 8.1', os.arch: 'amd64', os.version: '6.3', java.version: '1.8.0_221'
Driver info: driver.version: unknown
at <anonymous class>.FirefoxDriver.prototype.mouseMoveTo(jar:file:///C:/Users/Sai/AppData/Local/Temp/anonymous5988238858802218440webdriver-profile/extensions/fxdriver@googlecode.com.xpi!/components/driver-component.js:12158)
at <anonymous class>.DelayedCommand.prototype.executeInternal_/k(jar:file:///C:/Users/Sai/AppData/Local/Temp/anonymous5988238858802218440webdriver-profile/extensions/fxdriver@googlecode.com.xpi!/components/command-processor.js:13395)
at <anonymous class>.DelayedCommand.prototype.executeInternal_(jar:file:///C:/Users/Sai/AppData/Local/Temp/anonymous5988238858802218440webdriver-profile/extensions/fxdriver@googlecode.com.xpi!/components/command-processor.js:13400)
at <anonymous class>.DelayedCommand.prototype.execute/<(jar:file:///C:/Users/Sai/AppData/Local/Temp/anonymous5988238858802218440webdriver-profile/extensions/fxdriver@googlecode.com.xpi!/components/command-processor.js:13342)
]]>
    </error>
  </testcase> <!-- m -->
</testsuite> <!-- com.transferwise.qa.testcases.Test122 -->
